<?xml version="1.0" encoding="UTF-8"?>
<!-- Generated by org.testng.reporters.JUnitReportReporter -->
<testsuite hostname="Dell-Inspiron-5559" failures="0" tests="1" name="tests.SampleTest" time="36.429" errors="0" timestamp="2021-11-02T22:28:35 IST" skipped="0">
  <testcase classname="tests.SampleTest" name="WindowHandlesTest" time="36.429"/>
  <system-out/>
</testsuite> <!-- tests.SampleTest -->
