<?xml version="1.0" encoding="UTF-8"?>
<!-- Generated by org.testng.reporters.JUnitReportReporter -->
<testsuite hostname="Dell-Inspiron-5559" failures="0" tests="1" name="tests.SVGSample" time="120.524" errors="0" timestamp="2021-11-06T15:18:55 IST" skipped="0">
  <testcase classname="tests.SVGSample" name="SVG3" time="120.524"/>
  <system-out/>
</testsuite> <!-- tests.SVGSample -->
