<?xml version="1.0" encoding="UTF-8"?>
<!-- Generated by org.testng.reporters.JUnitReportReporter -->
<testsuite hostname="Dell-Inspiron-5559" failures="0" tests="3" name="tests.HomePageTest" time="173.120" errors="0" timestamp="2021-11-15T23:08:13 IST" skipped="0">
  <testcase classname="tests.HomePageTest" name="launchchrome" time="54.993"/>
  <system-out/>
  <testcase classname="tests.HomePageTest" name="launchchrome1" time="59.994"/>
  <system-out/>
  <testcase classname="tests.HomePageTest" name="launchchrome2" time="58.133"/>
  <system-out/>
</testsuite> <!-- tests.HomePageTest -->
